Arguments: 
  /usr/local/bin/node /usr/local/bin/yarn install --modules-folder ./_assets/yarn

PATH: 
  /usr/local/lib/node_modules/npm/node_modules/npm-lifecycle/node-gyp-bin:/Users/dongjinkim/github/blog/dongqui.github.io/node_modules/.bin:/Users/dongjinkim/.rvm/gems/ruby-2.5.1/bin:/Users/dongjinkim/.rvm/gems/ruby-2.5.1@global/bin:/Users/dongjinkim/.rvm/rubies/ruby-2.5.1/bin:/Users/dongjinkim/.rvm/bin:/usr/local/bin:/usr/bin:/bin:/usr/sbin:/sbin:/Applications/VMware Fusion.app/Contents/Public

Yarn version: 
  1.12.3

Node version: 
  10.6.0

Platform: 
  darwin x64

Trace: 
  Error: ENOENT: no such file or directory, lstat '/Users/dongjinkim/github/blog/dongqui.github.io/_assets/yarn/mkdirp'

npm manifest: 
  {
    "name": "chalk",
    "scripts": {
      "setup": "bin/setup",
      "local": "bundle exec jekyll serve --drafts",
      "publish": "bin/deploy"
    },
    "dependencies": {
      "jquery": "^3.2.1",
      "npm": "^6.0.1",
      "retinajs": "^2.1.1",
      "svgxuse": "^1.2.4",
      "webfontloader": "^1.6.28",
      "zooming": "^2.0.0"
    }
  }

yarn manifest: 
  No manifest

Lockfile: 
  No lockfile
